2026-06-09 02:40:19 user=h.yamamoto host=WKSTN-YAMAMOTO action=scheduled_task_created task_name=OneDriveStandaloneUpdate task_command="C:\Program Files\Common Files\updater.exe" task_trigger="daily 09:00" parent_process=services.exe signed=true
2026-06-09 02:47:01 user=s.dubois host=WKSTN-DUBOIS action=scheduled_task_created task_name=AdobeAAMUpdater task_command="C:\Program Files\Common Files\updater.exe" task_trigger="daily 09:00" parent_process=services.exe signed=true
2026-06-09 02:53:00 user=l.garcia host=WKSTN-GARCIA action=scheduled_task_created task_name=AdobeAAMUpdater task_command="C:\Program Files\Common Files\updater.exe" task_trigger="daily 09:00" parent_process=services.exe signed=true
2026-06-09 02:54:14 user=e.osei host=WKSTN-OSEI action=scheduled_task_created task_name=GoogleUpdateTaskMachineCore task_command="C:\Program Files\Common Files\updater.exe" task_trigger="daily 09:00" parent_process=services.exe signed=true
2026-06-09 04:28:46 user=l.garcia host=WKSTN-GARCIA action=scheduled_task_created task_name=OneDriveStandaloneUpdate task_command="C:\Program Files\Common Files\updater.exe" task_trigger="daily 09:00" parent_process=services.exe signed=true
2026-06-09 04:32:57 user=a.smith host=WKSTN-SMITH action=scheduled_task_created task_name=OneDriveStandaloneUpdate task_command="C:\Program Files\Common Files\updater.exe" task_trigger="daily 09:00" parent_process=services.exe signed=true
2026-06-09 04:34:55 user=s.dubois host=WKSTN-DUBOIS action=scheduled_task_created task_name=GoogleUpdateTaskMachineCore task_command="C:\Program Files\Common Files\updater.exe" task_trigger="daily 09:00" parent_process=services.exe signed=true
2026-06-09 04:37:37 user=s.dubois host=WKSTN-DUBOIS action=scheduled_task_created task_name=OneDriveStandaloneUpdate task_command="C:\Program Files\Common Files\updater.exe" task_trigger="daily 09:00" parent_process=services.exe signed=true
2026-06-09 04:42:17 user=a.smith host=WKSTN-SMITH action=scheduled_task_created task_name=AdobeAAMUpdater task_command="C:\Program Files\Common Files\updater.exe" task_trigger="daily 09:00" parent_process=services.exe signed=true
2026-06-09 05:07:40 user=e.osei host=WKSTN-OSEI action=scheduled_task_created task_name=OneDriveStandaloneUpdate task_command="C:\Program Files\Common Files\updater.exe" task_trigger="daily 09:00" parent_process=services.exe signed=true
2026-06-09 05:38:16 user=s.dubois host=WKSTN-DUBOIS action=scheduled_task_created task_name=AdobeAAMUpdater task_command="C:\Program Files\Common Files\updater.exe" task_trigger="daily 09:00" parent_process=services.exe signed=true
2026-06-09 06:27:11 user=k.muller host=WKSTN-MULLER action=scheduled_task_created task_name=MicrosoftEdgeUpdateTaskMachineUA task_command="C:\Program Files\Common Files\updater.exe" task_trigger="daily 09:00" parent_process=services.exe signed=true
2026-06-09 07:06:23 user=e.osei host=WKSTN-OSEI action=scheduled_task_created task_name=MicrosoftEdgeUpdateTaskMachineUA task_command="C:\Program Files\Common Files\updater.exe" task_trigger="daily 09:00" parent_process=services.exe signed=true
2026-06-09 07:19:01 user=e.osei host=WKSTN-OSEI action=scheduled_task_created task_name=AdobeAAMUpdater task_command="C:\Program Files\Common Files\updater.exe" task_trigger="daily 09:00" parent_process=services.exe signed=true
2026-06-09 08:20:00 user=r.patel host=WKSTN-PATEL action=scheduled_task_created task_name=AdobeAAMUpdater task_command="C:\Program Files\Common Files\updater.exe" task_trigger="daily 09:00" parent_process=services.exe signed=true
2026-06-09 10:20:06 user=l.garcia host=WKSTN-GARCIA action=scheduled_task_created task_name=GoogleUpdateTaskMachineCore task_command="C:\Program Files\Common Files\updater.exe" task_trigger="daily 09:00" parent_process=services.exe signed=true
2026-06-09 11:06:39 user=h.yamamoto host=WKSTN-YAMAMOTO action=scheduled_task_created task_name=GoogleUpdateTaskMachineCore task_command="C:\Program Files\Common Files\updater.exe" task_trigger="daily 09:00" parent_process=services.exe signed=true
2026-06-09 11:31:03 user=h.yamamoto host=WKSTN-YAMAMOTO action=scheduled_task_created task_name=AdobeAAMUpdater task_command="C:\Program Files\Common Files\updater.exe" task_trigger="daily 09:00" parent_process=services.exe signed=true
2026-06-09 12:33:42 user=s.dubois host=WKSTN-DUBOIS action=scheduled_task_created task_name=GoogleUpdateTaskMachineCore task_command="C:\Program Files\Common Files\updater.exe" task_trigger="daily 09:00" parent_process=services.exe signed=true
2026-06-09 13:08:08 user=a.smith host=WKSTN-SMITH action=scheduled_task_created task_name=OneDriveStandaloneUpdate task_command="C:\Program Files\Common Files\updater.exe" task_trigger="daily 09:00" parent_process=services.exe signed=true
2026-06-09 15:00:53 user=r.patel host=WKSTN-PATEL action=scheduled_task_created task_name=GoogleUpdateTaskMachineCore task_command="C:\Program Files\Common Files\updater.exe" task_trigger="daily 09:00" parent_process=services.exe signed=true
2026-06-09 15:43:25 user=a.smith host=WKSTN-SMITH action=scheduled_task_created task_name=OneDriveStandaloneUpdate task_command="C:\Program Files\Common Files\updater.exe" task_trigger="daily 09:00" parent_process=services.exe signed=true
2026-06-09 15:58:25 user=h.yamamoto host=WKSTN-YAMAMOTO action=scheduled_task_created task_name=OneDriveStandaloneUpdate task_command="C:\Program Files\Common Files\updater.exe" task_trigger="daily 09:00" parent_process=services.exe signed=true
2026-06-09 16:19:46 user=a.smith host=WKSTN-SMITH action=scheduled_task_created task_name=AdobeAAMUpdater task_command="C:\Program Files\Common Files\updater.exe" task_trigger="daily 09:00" parent_process=services.exe signed=true
2026-06-09 16:29:27 user=l.garcia host=WKSTN-GARCIA action=scheduled_task_created task_name=OneDriveStandaloneUpdate task_command="C:\Program Files\Common Files\updater.exe" task_trigger="daily 09:00" parent_process=services.exe signed=true
2026-06-09 16:44:36 user=a.smith host=WKSTN-SMITH action=scheduled_task_created task_name=AdobeAAMUpdater task_command="C:\Program Files\Common Files\updater.exe" task_trigger="daily 09:00" parent_process=services.exe signed=true
2026-06-09 17:21:46 user=r.patel host=WKSTN-PATEL action=scheduled_task_created task_name=AdobeAAMUpdater task_command="C:\Program Files\Common Files\updater.exe" task_trigger="daily 09:00" parent_process=services.exe signed=true
2026-06-09 18:35:02 user=s.dubois host=WKSTN-DUBOIS action=scheduled_task_created task_name=OneDriveStandaloneUpdate task_command="C:\Program Files\Common Files\updater.exe" task_trigger="daily 09:00" parent_process=services.exe signed=true
2026-06-09 18:42:42 user=t.nguyen host=WKSTN-NGUYEN action=scheduled_task_created task_name=GoogleUpdateTaskMachineCore task_command="C:\Program Files\Common Files\updater.exe" task_trigger="daily 09:00" parent_process=services.exe signed=true
2026-06-09 18:55:07 user=l.garcia host=WKSTN-GARCIA action=scheduled_task_created task_name=AdobeAAMUpdater task_command="C:\Program Files\Common Files\updater.exe" task_trigger="daily 09:00" parent_process=services.exe signed=true
2026-06-09 19:19:23 user=s.dubois host=WKSTN-DUBOIS action=scheduled_task_created task_name=MicrosoftEdgeUpdateTaskMachineUA task_command="C:\Program Files\Common Files\updater.exe" task_trigger="daily 09:00" parent_process=services.exe signed=true
2026-06-09 19:31:27 user=l.garcia host=WKSTN-GARCIA action=scheduled_task_created task_name=MicrosoftEdgeUpdateTaskMachineUA task_command="C:\Program Files\Common Files\updater.exe" task_trigger="daily 09:00" parent_process=services.exe signed=true
2026-06-09 19:51:17 user=h.yamamoto host=WKSTN-YAMAMOTO action=scheduled_task_created task_name=MicrosoftEdgeUpdateTaskMachineUA task_command="C:\Program Files\Common Files\updater.exe" task_trigger="daily 09:00" parent_process=services.exe signed=true
2026-06-09 20:28:33 user=k.muller host=WKSTN-MULLER action=scheduled_task_created task_name=OneDriveStandaloneUpdate task_command="C:\Program Files\Common Files\updater.exe" task_trigger="daily 09:00" parent_process=services.exe signed=true
2026-06-09 20:53:32 user=t.nguyen host=WKSTN-NGUYEN action=scheduled_task_created task_name=AdobeAAMUpdater task_command="C:\Program Files\Common Files\updater.exe" task_trigger="daily 09:00" parent_process=services.exe signed=true
2026-06-09 21:04:00 user=r.patel host=WKSTN-PATEL action=scheduled_task_created task_name=MicrosoftEdgeUpdateTaskMachineUA task_command="C:\Program Files\Common Files\updater.exe" task_trigger="daily 09:00" parent_process=services.exe signed=true
2026-06-09 21:06:01 user=s.dubois host=WKSTN-DUBOIS action=scheduled_task_created task_name=GoogleUpdateTaskMachineCore task_command="C:\Program Files\Common Files\updater.exe" task_trigger="daily 09:00" parent_process=services.exe signed=true
2026-06-09 21:42:47 user=a.smith host=WKSTN-SMITH action=scheduled_task_created task_name=AdobeAAMUpdater task_command="C:\Program Files\Common Files\updater.exe" task_trigger="daily 09:00" parent_process=services.exe signed=true
2026-06-09 21:53:23 user=l.garcia host=WKSTN-GARCIA action=scheduled_task_created task_name=MicrosoftEdgeUpdateTaskMachineUA task_command="C:\Program Files\Common Files\updater.exe" task_trigger="daily 09:00" parent_process=services.exe signed=true
2026-06-09 22:15:07 user=k.muller host=WKSTN-MULLER action=scheduled_task_created task_name=GoogleUpdateTaskMachineCore task_command="C:\Program Files\Common Files\updater.exe" task_trigger="daily 09:00" parent_process=services.exe signed=true
2026-06-09 22:30:06 user=h.yamamoto host=WKSTN-YAMAMOTO action=scheduled_task_created task_name=GoogleUpdateTaskMachineCore task_command="C:\Program Files\Common Files\updater.exe" task_trigger="daily 09:00" parent_process=services.exe signed=true
2026-06-09 22:37:01 user=k.muller host=WKSTN-MULLER action=scheduled_task_created task_name=MicrosoftEdgeUpdateTaskMachineUA task_command="C:\Program Files\Common Files\updater.exe" task_trigger="daily 09:00" parent_process=services.exe signed=true
2026-06-09 22:41:21 user=it.admin host=FS02 action=scheduled_task_created task_name=CHG0045231_PatchDeploy task_command="C:\Windows\System32\WindowsPowerShell\v1.0\powershell.exe -File \\corp\sysvol\scripts\patch_deploy.ps1" task_trigger="once 02:30" parent_process=mmc.exe signed=true change_ticket=CHG0045231
2026-06-09 22:59:36 user=a.smith host=WKSTN-SMITH action=scheduled_task_created task_name=MicrosoftEdgeUpdateTaskMachineUA task_command="C:\Program Files\Common Files\updater.exe" task_trigger="daily 09:00" parent_process=services.exe signed=true
2026-06-09 23:01:04 user=a.smith host=WKSTN-SMITH action=scheduled_task_created task_name=MicrosoftEdgeUpdateTaskMachineUA task_command="C:\Program Files\Common Files\updater.exe" task_trigger="daily 09:00" parent_process=services.exe signed=true
2026-06-09 23:11:54 user=k.muller host=WKSTN-MULLER action=scheduled_task_created task_name=GoogleUpdateTaskMachineCore task_command="C:\Program Files\Common Files\updater.exe" task_trigger="daily 09:00" parent_process=services.exe signed=true
2026-06-09 23:19:48 user=s.dubois host=WKSTN-DUBOIS action=scheduled_task_created task_name=GoogleUpdateTaskMachineCore task_command="C:\Program Files\Common Files\updater.exe" task_trigger="daily 09:00" parent_process=services.exe signed=true
2026-06-09 23:22:55 user=t.nguyen host=WKSTN-NGUYEN action=scheduled_task_created task_name=OneDriveStandaloneUpdate task_command="C:\Program Files\Common Files\updater.exe" task_trigger="daily 09:00" parent_process=services.exe signed=true
2026-06-10 00:06:32 user=k.muller host=WKSTN-MULLER action=scheduled_task_created task_name=GoogleUpdateTaskMachineCore task_command="C:\Program Files\Common Files\updater.exe" task_trigger="daily 09:00" parent_process=services.exe signed=true
2026-06-10 01:00:59 user=e.osei host=WKSTN-OSEI action=scheduled_task_created task_name=MicrosoftEdgeUpdateTaskMachineUA task_command="C:\Program Files\Common Files\updater.exe" task_trigger="daily 09:00" parent_process=services.exe signed=true
2026-06-10 01:20:21 user=j.okonkwo host=FS01 action=scheduled_task_created task_name=WindowsTelemetryUpdate task_command="powershell.exe -nop -w hidden -enc SQBuAHYAbwBrAGUALQBXAGUAYgBSAGUAcQB1AGUAcwB0AA==" task_trigger="daily 03:00" parent_process=schtasks.exe signed=false
2026-06-10 01:32:42 user=e.osei host=WKSTN-OSEI action=scheduled_task_created task_name=AdobeAAMUpdater task_command="C:\Program Files\Common Files\updater.exe" task_trigger="daily 09:00" parent_process=services.exe signed=true
