2026-06-14 12:11:29 user=h.yamamoto host=WKSTN-YAMAMOTO action=wifi_association ssid=CorpWiFi-Secure bssid=AA:BB:CC:00:01:01 known_bssid=true ap_vendor="Cisco Meraki" security=WPA2-Enterprise signal_strength_dbm=-68 channel=11
2026-06-14 13:14:54 user=h.yamamoto host=WKSTN-YAMAMOTO action=wifi_association ssid=CorpWiFi-Secure bssid=AA:BB:CC:00:01:01 known_bssid=true ap_vendor="Cisco Meraki" security=WPA2-Enterprise signal_strength_dbm=-69 channel=1
2026-06-14 14:18:37 user=s.dubois host=WKSTN-DUBOIS action=wifi_association ssid=CorpWiFi-Secure bssid=AA:BB:CC:00:01:03 known_bssid=true ap_vendor="Cisco Meraki" security=WPA2-Enterprise signal_strength_dbm=-70 channel=11
2026-06-14 14:21:17 user=s.dubois host=WKSTN-DUBOIS action=wifi_association ssid=CorpWiFi-Secure bssid=AA:BB:CC:00:01:02 known_bssid=true ap_vendor="Cisco Meraki" security=WPA2-Enterprise signal_strength_dbm=-47 channel=1
2026-06-14 16:53:24 user=h.yamamoto host=WKSTN-YAMAMOTO action=wifi_association ssid=CorpWiFi-Secure bssid=AA:BB:CC:00:01:02 known_bssid=true ap_vendor="Cisco Meraki" security=WPA2-Enterprise signal_strength_dbm=-65 channel=1
2026-06-14 20:46:46 user=h.yamamoto host=WKSTN-YAMAMOTO action=wifi_association ssid=CorpWiFi-Secure bssid=AA:BB:CC:00:01:03 known_bssid=true ap_vendor="Cisco Meraki" security=WPA2-Enterprise signal_strength_dbm=-55 channel=11
2026-06-14 20:58:01 user=e.osei host=WKSTN-OSEI action=wifi_association ssid=CorpWiFi-Secure bssid=AA:BB:CC:00:01:02 known_bssid=true ap_vendor="Cisco Meraki" security=WPA2-Enterprise signal_strength_dbm=-50 channel=11
2026-06-14 23:03:52 user=a.smith host=WKSTN-SMITH action=wifi_association ssid=CorpWiFi-Secure bssid=AA:BB:CC:00:01:01 known_bssid=true ap_vendor="Cisco Meraki" security=WPA2-Enterprise signal_strength_dbm=-68 channel=1
2026-06-15 00:37:38 user=it.admin host=WKSTN-ITADMIN action=wifi_association ssid=CorpWiFi-Secure bssid=AA:BB:CC:00:01:02 known_bssid=true ap_vendor="Cisco Meraki" security=WPA2-Enterprise signal_strength_dbm=-66 channel=6
2026-06-15 02:08:22 user=it.admin host=WKSTN-ITADMIN action=wifi_association ssid=CorpWiFi-Secure bssid=AA:BB:CC:00:01:01 known_bssid=true ap_vendor="Cisco Meraki" security=WPA2-Enterprise signal_strength_dbm=-56 channel=11
2026-06-15 02:27:16 user=l.garcia host=WKSTN-GARCIA action=wifi_association ssid=CorpWiFi-Secure bssid=AA:BB:CC:00:01:03 known_bssid=true ap_vendor="Cisco Meraki" security=WPA2-Enterprise signal_strength_dbm=-50 channel=1
2026-06-15 04:02:19 user=e.osei host=WKSTN-OSEI action=wifi_association ssid=CorpWiFi-Secure bssid=AA:BB:CC:00:01:02 known_bssid=true ap_vendor="Cisco Meraki" security=WPA2-Enterprise signal_strength_dbm=-62 channel=1
2026-06-15 05:34:15 user=h.yamamoto host=WKSTN-YAMAMOTO action=wifi_association ssid=CorpWiFi-Secure bssid=AA:BB:CC:00:01:03 known_bssid=true ap_vendor="Cisco Meraki" security=WPA2-Enterprise signal_strength_dbm=-47 channel=6
2026-06-15 06:05:41 user=t.nguyen host=WKSTN-NGUYEN action=wifi_association ssid=CorpWiFi-Secure bssid=AA:BB:CC:00:01:03 known_bssid=true ap_vendor="Cisco Meraki" security=WPA2-Enterprise signal_strength_dbm=-61 channel=1
2026-06-15 06:35:49 user=e.osei host=WKSTN-OSEI action=wifi_association ssid=CorpWiFi-Secure bssid=AA:BB:CC:00:01:02 known_bssid=true ap_vendor="Cisco Meraki" security=WPA2-Enterprise signal_strength_dbm=-57 channel=11
2026-06-15 07:00:40 user=a.smith host=WKSTN-SMITH action=wifi_association ssid=CorpWiFi-Secure bssid=AA:BB:CC:00:01:03 known_bssid=true ap_vendor="Cisco Meraki" security=WPA2-Enterprise signal_strength_dbm=-52 channel=1
2026-06-15 07:03:52 user=l.garcia host=WKSTN-GARCIA action=wifi_association ssid=CorpWiFi-Secure bssid=AA:BB:CC:00:01:02 known_bssid=true ap_vendor="Cisco Meraki" security=WPA2-Enterprise signal_strength_dbm=-54 channel=6
2026-06-15 08:12:28 user=a.smith host=WKSTN-SMITH action=wifi_association ssid=CorpWiFi-Secure bssid=AA:BB:CC:00:01:02 known_bssid=true ap_vendor="Cisco Meraki" security=WPA2-Enterprise signal_strength_dbm=-46 channel=11
2026-06-15 08:29:22 user=l.garcia host=WKSTN-GARCIA action=wifi_association ssid=CorpWiFi-Secure bssid=AA:BB:CC:00:01:01 known_bssid=true ap_vendor="Cisco Meraki" security=WPA2-Enterprise signal_strength_dbm=-69 channel=6
2026-06-15 08:35:00 user=h.yamamoto host=WKSTN-YAMAMOTO action=wifi_association ssid=CorpWiFi-Secure bssid=AA:BB:CC:00:01:01 known_bssid=true ap_vendor="Cisco Meraki" security=WPA2-Enterprise signal_strength_dbm=-50 channel=11
2026-06-15 09:46:50 user=m.okafor host=LAPTOP-OKAFOR action=wifi_association ssid=CorpWiFi-Secure bssid=AA:BB:CC:00:01:02 known_bssid=true ap_vendor="Cisco Meraki" security=WPA2-Enterprise signal_strength_dbm=-52 channel=11
2026-06-15 10:13:50 user=j.okonkwo host=WKSTN-OKONKWO action=wifi_association ssid=CorpWiFi-Secure bssid=DE:AD:BE:EF:00:01 known_bssid=false ap_vendor=Unknown-OEM security=Open signal_strength_dbm=-38 channel=6
